[2024-11-06T08:28:22.700+0000] {local_task_job_runner.py:123} INFO - ::group::Pre task execution logs
[2024-11-06T08:28:22.728+0000] {taskinstance.py:2612} INFO - Dependencies all met for dep_context=non-requeueable deps ti=<TaskInstance: stock_etl_dag.extract_data manual__2024-11-06T08:28:20.389168+00:00 [queued]>
[2024-11-06T08:28:22.738+0000] {taskinstance.py:2612} INFO - Dependencies all met for dep_context=requeueable deps ti=<TaskInstance: stock_etl_dag.extract_data manual__2024-11-06T08:28:20.389168+00:00 [queued]>
[2024-11-06T08:28:22.741+0000] {taskinstance.py:2865} INFO - Starting attempt 1 of 4
[2024-11-06T08:28:22.764+0000] {taskinstance.py:2888} INFO - Executing <Task(PythonOperator): extract_data> on 2024-11-06 08:28:20.389168+00:00
[2024-11-06T08:28:22.788+0000] {standard_task_runner.py:104} INFO - Running: ['***', 'tasks', 'run', 'stock_etl_dag', 'extract_data', 'manual__2024-11-06T08:28:20.389168+00:00', '--job-id', '25', '--raw', '--subdir', 'DAGS_FOLDER/stock_dag.py', '--cfg-path', '/tmp/tmpimt8zbsi']
[2024-11-06T08:28:22.792+0000] {standard_task_runner.py:105} INFO - Job 25: Subtask extract_data
[2024-11-06T08:28:22.794+0000] {logging_mixin.py:190} WARNING - /home/***/.local/lib/python3.12/site-packages/***/task/task_runner/standard_task_runner.py:70 DeprecationWarning: This process (pid=931) is multi-threaded, use of fork() may lead to deadlocks in the child.
[2024-11-06T08:28:22.795+0000] {standard_task_runner.py:72} INFO - Started process 970 to run task
[2024-11-06T08:28:22.885+0000] {task_command.py:467} INFO - Running <TaskInstance: stock_etl_dag.extract_data manual__2024-11-06T08:28:20.389168+00:00 [running]> on host 791b8d0d500f
[2024-11-06T08:28:24.120+0000] {taskinstance.py:3131} INFO - Exporting env vars: AIRFLOW_CTX_DAG_OWNER='***' AIRFLOW_CTX_DAG_ID='stock_etl_dag' AIRFLOW_CTX_TASK_ID='extract_data' AIRFLOW_CTX_EXECUTION_DATE='2024-11-06T08:28:20.389168+00:00' AIRFLOW_CTX_TRY_NUMBER='1' AIRFLOW_CTX_DAG_RUN_ID='manual__2024-11-06T08:28:20.389168+00:00'
[2024-11-06T08:28:24.133+0000] {logging_mixin.py:190} INFO - Task instance is in running state
[2024-11-06T08:28:24.134+0000] {logging_mixin.py:190} INFO -  Previous state of the Task instance: queued
[2024-11-06T08:28:24.135+0000] {logging_mixin.py:190} INFO - Current task name:extract_data state:running start_date:2024-11-06 08:28:22.728797+00:00
[2024-11-06T08:28:24.135+0000] {logging_mixin.py:190} INFO - Dag name:stock_etl_dag and current dag run status:running
[2024-11-06T08:28:24.135+0000] {taskinstance.py:731} INFO - ::endgroup::
[2024-11-06T08:28:25.813+0000] {logging_mixin.py:190} WARNING - [*********************100%***********************]  1 of 1 completed
[2024-11-06T08:28:25.840+0000] {stock_dag.py:14} INFO - Data extraction complete and saved to /tmp/raw_data.csv.
[2024-11-06T08:28:25.841+0000] {python.py:240} INFO - Done. Returned value was: None
[2024-11-06T08:28:25.855+0000] {taskinstance.py:340} INFO - ::group::Post task execution logs
[2024-11-06T08:28:25.856+0000] {taskinstance.py:352} INFO - Marking task as SUCCESS. dag_id=stock_etl_dag, task_id=extract_data, run_id=manual__2024-11-06T08:28:20.389168+00:00, execution_date=20241106T082820, start_date=20241106T082822, end_date=20241106T082825
[2024-11-06T08:28:25.868+0000] {logging_mixin.py:190} INFO - Task instance in success state
[2024-11-06T08:28:25.868+0000] {logging_mixin.py:190} INFO -  Previous state of the Task instance: running
[2024-11-06T08:28:25.869+0000] {logging_mixin.py:190} INFO - Dag name:stock_etl_dag queued_at:2024-11-06 08:28:20.434283+00:00
[2024-11-06T08:28:25.869+0000] {logging_mixin.py:190} INFO - Task hostname:791b8d0d500f operator:PythonOperator
[2024-11-06T08:28:25.934+0000] {local_task_job_runner.py:266} INFO - Task exited with return code 0
[2024-11-06T08:28:25.976+0000] {taskinstance.py:3900} INFO - 1 downstream tasks scheduled from follow-on schedule check
[2024-11-06T08:28:25.978+0000] {local_task_job_runner.py:245} INFO - ::endgroup::
