[2024-11-06T07:53:40.059+0000] {local_task_job_runner.py:123} INFO - ::group::Pre task execution logs
[2024-11-06T07:53:40.072+0000] {taskinstance.py:2612} INFO - Dependencies all met for dep_context=non-requeueable deps ti=<TaskInstance: conditional_dataset_and_time_based_timetable.conditional_dataset_and_time_based_timetable manual__2024-11-06T07:53:38.205727+00:00 [queued]>
[2024-11-06T07:53:40.080+0000] {taskinstance.py:2612} INFO - Dependencies all met for dep_context=requeueable deps ti=<TaskInstance: conditional_dataset_and_time_based_timetable.conditional_dataset_and_time_based_timetable manual__2024-11-06T07:53:38.205727+00:00 [queued]>
[2024-11-06T07:53:40.081+0000] {taskinstance.py:2865} INFO - Starting attempt 1 of 1
[2024-11-06T07:53:40.092+0000] {taskinstance.py:2888} INFO - Executing <Task(BashOperator): conditional_dataset_and_time_based_timetable> on 2024-11-06 07:53:38.205727+00:00
[2024-11-06T07:53:40.101+0000] {standard_task_runner.py:104} INFO - Running: ['***', 'tasks', 'run', 'conditional_dataset_and_time_based_timetable', 'conditional_dataset_and_time_based_timetable', 'manual__2024-11-06T07:53:38.205727+00:00', '--job-id', '22', '--raw', '--subdir', '/home/***/.local/lib/python3.12/site-packages/***/example_dags/example_datasets.py', '--cfg-path', '/tmp/tmpr8fmdmsw']
[2024-11-06T07:53:40.103+0000] {standard_task_runner.py:105} INFO - Job 22: Subtask conditional_dataset_and_time_based_timetable
[2024-11-06T07:53:40.105+0000] {logging_mixin.py:190} WARNING - /home/***/.local/lib/python3.12/site-packages/***/task/task_runner/standard_task_runner.py:70 DeprecationWarning: This process (pid=2809) is multi-threaded, use of fork() may lead to deadlocks in the child.
[2024-11-06T07:53:40.105+0000] {standard_task_runner.py:72} INFO - Started process 2812 to run task
[2024-11-06T07:53:40.154+0000] {task_command.py:467} INFO - Running <TaskInstance: conditional_dataset_and_time_based_timetable.conditional_dataset_and_time_based_timetable manual__2024-11-06T07:53:38.205727+00:00 [running]> on host 2b3358fc8df6
[2024-11-06T07:53:40.202+0000] {taskinstance.py:3131} INFO - Exporting env vars: AIRFLOW_CTX_DAG_OWNER='***' AIRFLOW_CTX_DAG_ID='conditional_dataset_and_time_based_timetable' AIRFLOW_CTX_TASK_ID='conditional_dataset_and_time_based_timetable' AIRFLOW_CTX_EXECUTION_DATE='2024-11-06T07:53:38.205727+00:00' AIRFLOW_CTX_TRY_NUMBER='1' AIRFLOW_CTX_DAG_RUN_ID='manual__2024-11-06T07:53:38.205727+00:00'
[2024-11-06T07:53:40.204+0000] {logging_mixin.py:190} INFO - Task instance is in running state
[2024-11-06T07:53:40.204+0000] {logging_mixin.py:190} INFO -  Previous state of the Task instance: queued
[2024-11-06T07:53:40.204+0000] {logging_mixin.py:190} INFO - Current task name:conditional_dataset_and_time_based_timetable state:running start_date:2024-11-06 07:53:40.073284+00:00
[2024-11-06T07:53:40.204+0000] {logging_mixin.py:190} INFO - Dag name:conditional_dataset_and_time_based_timetable and current dag run status:running
[2024-11-06T07:53:40.205+0000] {taskinstance.py:731} INFO - ::endgroup::
[2024-11-06T07:53:40.205+0000] {subprocess.py:63} INFO - Tmp dir root location: /tmp
[2024-11-06T07:53:40.206+0000] {subprocess.py:75} INFO - Running command: ['/usr/bin/bash', '-c', 'sleep 5']
[2024-11-06T07:53:40.213+0000] {subprocess.py:86} INFO - Output:
[2024-11-06T07:53:45.219+0000] {subprocess.py:97} INFO - Command exited with return code 0
[2024-11-06T07:53:45.245+0000] {taskinstance.py:340} INFO - ::group::Post task execution logs
[2024-11-06T07:53:45.246+0000] {taskinstance.py:352} INFO - Marking task as SUCCESS. dag_id=conditional_dataset_and_time_based_timetable, task_id=conditional_dataset_and_time_based_timetable, run_id=manual__2024-11-06T07:53:38.205727+00:00, execution_date=20241106T075338, start_date=20241106T075340, end_date=20241106T075345
[2024-11-06T07:53:45.268+0000] {logging_mixin.py:190} INFO - Task instance in success state
[2024-11-06T07:53:45.268+0000] {logging_mixin.py:190} INFO -  Previous state of the Task instance: running
[2024-11-06T07:53:45.269+0000] {logging_mixin.py:190} INFO - Dag name:conditional_dataset_and_time_based_timetable queued_at:2024-11-06 07:53:38.227219+00:00
[2024-11-06T07:53:45.272+0000] {logging_mixin.py:190} INFO - Task hostname:2b3358fc8df6 operator:BashOperator
[2024-11-06T07:53:45.316+0000] {local_task_job_runner.py:266} INFO - Task exited with return code 0
[2024-11-06T07:53:45.328+0000] {taskinstance.py:3900} INFO - 0 downstream tasks scheduled from follow-on schedule check
[2024-11-06T07:53:45.330+0000] {local_task_job_runner.py:245} INFO - ::endgroup::
