[2024-11-06T06:56:41.852+0000] {local_task_job_runner.py:123} INFO - ::group::Pre task execution logs
[2024-11-06T06:56:41.897+0000] {taskinstance.py:2612} INFO - Dependencies all met for dep_context=non-requeueable deps ti=<TaskInstance: stock_etl_dag.extract_data manual__2024-11-06T06:56:40.051395+00:00 [queued]>
[2024-11-06T06:56:41.915+0000] {taskinstance.py:2612} INFO - Dependencies all met for dep_context=requeueable deps ti=<TaskInstance: stock_etl_dag.extract_data manual__2024-11-06T06:56:40.051395+00:00 [queued]>
[2024-11-06T06:56:41.917+0000] {taskinstance.py:2865} INFO - Starting attempt 1 of 4
[2024-11-06T06:56:41.952+0000] {taskinstance.py:2888} INFO - Executing <Task(PythonOperator): extract_data> on 2024-11-06 06:56:40.051395+00:00
[2024-11-06T06:56:41.975+0000] {standard_task_runner.py:104} INFO - Running: ['***', 'tasks', 'run', 'stock_etl_dag', 'extract_data', 'manual__2024-11-06T06:56:40.051395+00:00', '--job-id', '12', '--raw', '--subdir', 'DAGS_FOLDER/stock_dag.py', '--cfg-path', '/tmp/tmpx48j6xpz']
[2024-11-06T06:56:41.979+0000] {standard_task_runner.py:105} INFO - Job 12: Subtask extract_data
[2024-11-06T06:56:41.983+0000] {logging_mixin.py:190} WARNING - /home/***/.local/lib/python3.12/site-packages/***/task/task_runner/standard_task_runner.py:70 DeprecationWarning: This process (pid=1067) is multi-threaded, use of fork() may lead to deadlocks in the child.
[2024-11-06T06:56:41.988+0000] {standard_task_runner.py:72} INFO - Started process 1068 to run task
[2024-11-06T06:56:42.103+0000] {task_command.py:467} INFO - Running <TaskInstance: stock_etl_dag.extract_data manual__2024-11-06T06:56:40.051395+00:00 [running]> on host 970f340d4d84
[2024-11-06T06:56:43.326+0000] {taskinstance.py:3131} INFO - Exporting env vars: AIRFLOW_CTX_DAG_OWNER='***' AIRFLOW_CTX_DAG_ID='stock_etl_dag' AIRFLOW_CTX_TASK_ID='extract_data' AIRFLOW_CTX_EXECUTION_DATE='2024-11-06T06:56:40.051395+00:00' AIRFLOW_CTX_TRY_NUMBER='1' AIRFLOW_CTX_DAG_RUN_ID='manual__2024-11-06T06:56:40.051395+00:00'
[2024-11-06T06:56:43.328+0000] {logging_mixin.py:190} INFO - Task instance is in running state
[2024-11-06T06:56:43.329+0000] {logging_mixin.py:190} INFO -  Previous state of the Task instance: queued
[2024-11-06T06:56:43.329+0000] {logging_mixin.py:190} INFO - Current task name:extract_data state:running start_date:2024-11-06 06:56:41.898996+00:00
[2024-11-06T06:56:43.329+0000] {logging_mixin.py:190} INFO - Dag name:stock_etl_dag and current dag run status:running
[2024-11-06T06:56:43.330+0000] {taskinstance.py:731} INFO - ::endgroup::
[2024-11-06T06:56:44.525+0000] {logging_mixin.py:190} WARNING - [*********************100%***********************]  1 of 1 completed
[2024-11-06T06:56:44.575+0000] {logging_mixin.py:190} INFO - Data extraction complete and saved to database.
[2024-11-06T06:56:44.576+0000] {python.py:240} INFO - Done. Returned value was: None
[2024-11-06T06:56:44.582+0000] {taskinstance.py:340} INFO - ::group::Post task execution logs
[2024-11-06T06:56:44.583+0000] {taskinstance.py:352} INFO - Marking task as SUCCESS. dag_id=stock_etl_dag, task_id=extract_data, run_id=manual__2024-11-06T06:56:40.051395+00:00, execution_date=20241106T065640, start_date=20241106T065641, end_date=20241106T065644
[2024-11-06T06:56:44.589+0000] {logging_mixin.py:190} INFO - Task instance in success state
[2024-11-06T06:56:44.590+0000] {logging_mixin.py:190} INFO -  Previous state of the Task instance: running
[2024-11-06T06:56:44.590+0000] {logging_mixin.py:190} INFO - Dag name:stock_etl_dag queued_at:2024-11-06 06:56:40.074970+00:00
[2024-11-06T06:56:44.590+0000] {logging_mixin.py:190} INFO - Task hostname:970f340d4d84 operator:PythonOperator
[2024-11-06T06:56:44.614+0000] {local_task_job_runner.py:266} INFO - Task exited with return code 0
[2024-11-06T06:56:44.654+0000] {taskinstance.py:3900} INFO - 1 downstream tasks scheduled from follow-on schedule check
[2024-11-06T06:56:44.655+0000] {local_task_job_runner.py:245} INFO - ::endgroup::
