[2024-11-06T08:43:54.956+0000] {local_task_job_runner.py:123} INFO - ::group::Pre task execution logs
[2024-11-06T08:43:54.970+0000] {taskinstance.py:2612} INFO - Dependencies all met for dep_context=non-requeueable deps ti=<TaskInstance: stock_etl_dag.load_data manual__2024-11-06T08:43:47.874217+00:00 [queued]>
[2024-11-06T08:43:54.976+0000] {taskinstance.py:2612} INFO - Dependencies all met for dep_context=requeueable deps ti=<TaskInstance: stock_etl_dag.load_data manual__2024-11-06T08:43:47.874217+00:00 [queued]>
[2024-11-06T08:43:54.976+0000] {taskinstance.py:2865} INFO - Starting attempt 1 of 4
[2024-11-06T08:43:54.984+0000] {taskinstance.py:2888} INFO - Executing <Task(PythonOperator): load_data> on 2024-11-06 08:43:47.874217+00:00
[2024-11-06T08:43:54.992+0000] {standard_task_runner.py:104} INFO - Running: ['***', 'tasks', 'run', 'stock_etl_dag', 'load_data', 'manual__2024-11-06T08:43:47.874217+00:00', '--job-id', '32', '--raw', '--subdir', 'DAGS_FOLDER/stock_dag.py', '--cfg-path', '/tmp/tmp4znkzy2c']
[2024-11-06T08:43:54.994+0000] {standard_task_runner.py:105} INFO - Job 32: Subtask load_data
[2024-11-06T08:43:54.994+0000] {logging_mixin.py:190} WARNING - /home/***/.local/lib/python3.12/site-packages/***/task/task_runner/standard_task_runner.py:70 DeprecationWarning: This process (pid=1080) is multi-threaded, use of fork() may lead to deadlocks in the child.
[2024-11-06T08:43:54.996+0000] {standard_task_runner.py:72} INFO - Started process 1081 to run task
[2024-11-06T08:43:55.036+0000] {task_command.py:467} INFO - Running <TaskInstance: stock_etl_dag.load_data manual__2024-11-06T08:43:47.874217+00:00 [running]> on host e45a5c07fe39
[2024-11-06T08:43:55.099+0000] {taskinstance.py:3131} INFO - Exporting env vars: AIRFLOW_CTX_DAG_OWNER='***' AIRFLOW_CTX_DAG_ID='stock_etl_dag' AIRFLOW_CTX_TASK_ID='load_data' AIRFLOW_CTX_EXECUTION_DATE='2024-11-06T08:43:47.874217+00:00' AIRFLOW_CTX_TRY_NUMBER='1' AIRFLOW_CTX_DAG_RUN_ID='manual__2024-11-06T08:43:47.874217+00:00'
[2024-11-06T08:43:55.100+0000] {logging_mixin.py:190} INFO - Task instance is in running state
[2024-11-06T08:43:55.101+0000] {logging_mixin.py:190} INFO -  Previous state of the Task instance: queued
[2024-11-06T08:43:55.101+0000] {logging_mixin.py:190} INFO - Current task name:load_data state:running start_date:2024-11-06 08:43:54.971128+00:00
[2024-11-06T08:43:55.101+0000] {logging_mixin.py:190} INFO - Dag name:stock_etl_dag and current dag run status:running
[2024-11-06T08:43:55.102+0000] {taskinstance.py:731} INFO - ::endgroup::
[2024-11-06T08:43:55.111+0000] {stock_dag.py:34} INFO - Loaded data with percentage change:
[2024-11-06T08:43:55.325+0000] {stock_dag.py:35} INFO -                         Date       Close  Moving_Avg  Pct_Change
0  2023-01-09 00:00:00+00:00  130.149994  127.243997         NaN
1  2023-01-10 00:00:00+00:00  130.729996  128.375996    0.445641
2  2023-01-11 00:00:00+00:00  133.490005  129.801997    2.111229
3  2023-01-12 00:00:00+00:00  133.410004  131.479999   -0.059931
4  2023-01-13 00:00:00+00:00  134.759995  132.507999    1.011911
[2024-11-06T08:43:55.325+0000] {python.py:240} INFO - Done. Returned value was: None
[2024-11-06T08:43:55.334+0000] {taskinstance.py:340} INFO - ::group::Post task execution logs
[2024-11-06T08:43:55.335+0000] {taskinstance.py:352} INFO - Marking task as SUCCESS. dag_id=stock_etl_dag, task_id=load_data, run_id=manual__2024-11-06T08:43:47.874217+00:00, execution_date=20241106T084347, start_date=20241106T084354, end_date=20241106T084355
[2024-11-06T08:43:55.343+0000] {logging_mixin.py:190} INFO - Task instance in success state
[2024-11-06T08:43:55.343+0000] {logging_mixin.py:190} INFO -  Previous state of the Task instance: running
[2024-11-06T08:43:55.344+0000] {logging_mixin.py:190} INFO - Dag name:stock_etl_dag queued_at:2024-11-06 08:43:47.902231+00:00
[2024-11-06T08:43:55.344+0000] {logging_mixin.py:190} INFO - Task hostname:e45a5c07fe39 operator:PythonOperator
[2024-11-06T08:43:55.364+0000] {local_task_job_runner.py:266} INFO - Task exited with return code 0
[2024-11-06T08:43:55.380+0000] {taskinstance.py:3900} INFO - 0 downstream tasks scheduled from follow-on schedule check
[2024-11-06T08:43:55.381+0000] {local_task_job_runner.py:245} INFO - ::endgroup::
