[2024-11-06T08:43:52.935+0000] {local_task_job_runner.py:123} INFO - ::group::Pre task execution logs
[2024-11-06T08:43:52.948+0000] {taskinstance.py:2612} INFO - Dependencies all met for dep_context=non-requeueable deps ti=<TaskInstance: stock_etl_dag.transform_data manual__2024-11-06T08:43:47.874217+00:00 [queued]>
[2024-11-06T08:43:52.954+0000] {taskinstance.py:2612} INFO - Dependencies all met for dep_context=requeueable deps ti=<TaskInstance: stock_etl_dag.transform_data manual__2024-11-06T08:43:47.874217+00:00 [queued]>
[2024-11-06T08:43:52.955+0000] {taskinstance.py:2865} INFO - Starting attempt 1 of 4
[2024-11-06T08:43:52.964+0000] {taskinstance.py:2888} INFO - Executing <Task(PythonOperator): transform_data> on 2024-11-06 08:43:47.874217+00:00
[2024-11-06T08:43:52.972+0000] {standard_task_runner.py:104} INFO - Running: ['***', 'tasks', 'run', 'stock_etl_dag', 'transform_data', 'manual__2024-11-06T08:43:47.874217+00:00', '--job-id', '31', '--raw', '--subdir', 'DAGS_FOLDER/stock_dag.py', '--cfg-path', '/tmp/tmp7e3i7x8f']
[2024-11-06T08:43:52.975+0000] {standard_task_runner.py:105} INFO - Job 31: Subtask transform_data
[2024-11-06T08:43:52.975+0000] {logging_mixin.py:190} WARNING - /home/***/.local/lib/python3.12/site-packages/***/task/task_runner/standard_task_runner.py:70 DeprecationWarning: This process (pid=1077) is multi-threaded, use of fork() may lead to deadlocks in the child.
[2024-11-06T08:43:52.977+0000] {standard_task_runner.py:72} INFO - Started process 1078 to run task
[2024-11-06T08:43:53.009+0000] {task_command.py:467} INFO - Running <TaskInstance: stock_etl_dag.transform_data manual__2024-11-06T08:43:47.874217+00:00 [running]> on host e45a5c07fe39
[2024-11-06T08:43:53.059+0000] {taskinstance.py:3131} INFO - Exporting env vars: AIRFLOW_CTX_DAG_OWNER='***' AIRFLOW_CTX_DAG_ID='stock_etl_dag' AIRFLOW_CTX_TASK_ID='transform_data' AIRFLOW_CTX_EXECUTION_DATE='2024-11-06T08:43:47.874217+00:00' AIRFLOW_CTX_TRY_NUMBER='1' AIRFLOW_CTX_DAG_RUN_ID='manual__2024-11-06T08:43:47.874217+00:00'
[2024-11-06T08:43:53.061+0000] {logging_mixin.py:190} INFO - Task instance is in running state
[2024-11-06T08:43:53.062+0000] {logging_mixin.py:190} INFO -  Previous state of the Task instance: queued
[2024-11-06T08:43:53.062+0000] {logging_mixin.py:190} INFO - Current task name:transform_data state:running start_date:2024-11-06 08:43:52.949280+00:00
[2024-11-06T08:43:53.062+0000] {logging_mixin.py:190} INFO - Dag name:stock_etl_dag and current dag run status:running
[2024-11-06T08:43:53.062+0000] {taskinstance.py:731} INFO - ::endgroup::
[2024-11-06T08:43:53.559+0000] {stock_dag.py:28} INFO - Data transformation complete and saved to /tmp/transformed_data.csv.
[2024-11-06T08:43:53.560+0000] {python.py:240} INFO - Done. Returned value was: None
[2024-11-06T08:43:53.576+0000] {taskinstance.py:340} INFO - ::group::Post task execution logs
[2024-11-06T08:43:53.577+0000] {taskinstance.py:352} INFO - Marking task as SUCCESS. dag_id=stock_etl_dag, task_id=transform_data, run_id=manual__2024-11-06T08:43:47.874217+00:00, execution_date=20241106T084347, start_date=20241106T084352, end_date=20241106T084353
[2024-11-06T08:43:53.589+0000] {logging_mixin.py:190} INFO - Task instance in success state
[2024-11-06T08:43:53.590+0000] {logging_mixin.py:190} INFO -  Previous state of the Task instance: running
[2024-11-06T08:43:53.590+0000] {logging_mixin.py:190} INFO - Dag name:stock_etl_dag queued_at:2024-11-06 08:43:47.902231+00:00
[2024-11-06T08:43:53.590+0000] {logging_mixin.py:190} INFO - Task hostname:e45a5c07fe39 operator:PythonOperator
[2024-11-06T08:43:53.638+0000] {local_task_job_runner.py:266} INFO - Task exited with return code 0
[2024-11-06T08:43:53.679+0000] {taskinstance.py:3900} INFO - 1 downstream tasks scheduled from follow-on schedule check
[2024-11-06T08:43:53.681+0000] {local_task_job_runner.py:245} INFO - ::endgroup::
